2020-06-11 16:46:26 : CSV status : started
2020-06-11 16:46:26 : File Opened : test/terminal.csv
2020-06-11 16:46:26 : class : class
2020-06-11 16:46:26 : function : function
2020-06-11 16:46:26 : int_8 : int_8
2020-06-11 16:46:26 : int_16 : int_16
2020-06-11 16:46:26 : int_32 : int_32
2020-06-11 16:46:26 : int_64 : int_64
2020-06-11 16:46:26 : uint_8 : uint_8
2020-06-11 16:46:26 : uint_16 : uint_16
2020-06-11 16:46:26 : uint_32 : uint_32
2020-06-11 16:46:26 : uint_64 : uint_64
2020-06-11 16:46:26 : char_8 : char_8
2020-06-11 16:46:26 : char_16 : char_16
2020-06-11 16:46:26 : char_32 : char_32
2020-06-11 16:46:26 : id : [_a-zA-Z][_a-zA-Z0-9]*
2020-06-11 16:46:26 : squareBracketOpen : \\[
2020-06-11 16:46:26 : squareBracketClose : \\]
2020-06-11 16:46:26 : Records readed succeffully : 16
2020-06-11 16:46:26 : File closed : test/terminal.csv
